[19:33:51] [main/INFO]: Setting user: Player117
[19:33:55] [Client thread/INFO]: LWJGL Version: 2.9.1
[19:34:10] [Client thread/INFO]: Reloading ResourceManager: Default, FMLFileResourcePack:Forge Mod Loader, FMLFileResourcePack:Minecraft Forge, FMLFileResourcePack:DarkCraft Mod
[19:34:12] [Sound Library Loader/INFO]: Sound engine started
[19:34:19] [Client thread/INFO]: Created: 512x256 textures/blocks-atlas
[19:34:19] [Client thread/INFO]: Created: 256x256 textures/items-atlas
[19:34:19] [Client thread/INFO]: Reloading ResourceManager: Default, FMLFileResourcePack:Forge Mod Loader, FMLFileResourcePack:Minecraft Forge, FMLFileResourcePack:DarkCraft Mod
[19:34:20] [Client thread/INFO]: Created: 512x256 textures/blocks-atlas
[19:34:20] [Client thread/INFO]: Created: 256x256 textures/items-atlas
[19:34:21] [Sound Library Loader/INFO]: Sound engine started
[19:34:44] [Server thread/INFO]: Starting integrated minecraft server version 1.7.10
[19:34:44] [Server thread/INFO]: Generating keypair
[19:34:45] [Server thread/INFO]: Preparing start region for level 0
[19:34:46] [Server thread/INFO]: Preparing spawn area: 30%
[19:34:46] [Server thread/INFO]: Changing view distance to 12, from 10
[19:34:48] [Server thread/INFO]: Player117[local:E:815a1daa] logged in with entity id 151 at (-343.02234690706655, 66.0, 249.18452942807673)
[19:34:48] [Server thread/INFO]: Player117 joined the game
[19:34:55] [Server thread/INFO]: [Player117: Set the time to 1000]
[19:34:55] [Client thread/INFO]: [CHAT] Set the time to 1000
[19:36:58] [Server thread/INFO]: Player117 has just earned the achievement [Taking Inventory]
[19:36:58] [Client thread/INFO]: [CHAT] Player117 has just earned the achievement [Taking Inventory]
[19:37:07] [Server thread/INFO]: Saving and pausing game...
[19:37:07] [Server thread/INFO]: Saving chunks for level 'New World'/Overworld
[19:37:07] [Server thread/INFO]: Saving chunks for level 'New World'/Nether
[19:37:07] [Server thread/INFO]: Saving chunks for level 'New World'/The End
[19:37:08] [Server thread/INFO]: Stopping server
[19:37:08] [Server thread/INFO]: Saving players
[19:37:08] [Server thread/INFO]: Saving worlds
[19:37:08] [Server thread/INFO]: Saving chunks for level 'New World'/Overworld
[19:37:08] [Server thread/INFO]: Saving chunks for level 'New World'/Nether
[19:37:08] [Server thread/INFO]: Saving chunks for level 'New World'/The End
[19:43:49] [Client thread/INFO]: Stopping!
[22:58:37] [main/INFO]: Setting user: Player493
[22:58:41] [Client thread/INFO]: LWJGL Version: 2.9.1
[22:58:52] [Client thread/INFO]: Reloading ResourceManager: Default, FMLFileResourcePack:Forge Mod Loader, FMLFileResourcePack:Minecraft Forge, FMLFileResourcePack:DarkCraft Mod
[22:58:53] [Sound Library Loader/INFO]: Sound engine started
[22:58:58] [Client thread/INFO]: Created: 512x256 textures/blocks-atlas
[22:58:58] [Client thread/INFO]: Created: 256x256 textures/items-atlas
[22:58:59] [Client thread/INFO]: Reloading ResourceManager: Default, FMLFileResourcePack:Forge Mod Loader, FMLFileResourcePack:Minecraft Forge, FMLFileResourcePack:DarkCraft Mod
[22:58:59] [Client thread/INFO]: Created: 512x256 textures/blocks-atlas
[22:58:59] [Client thread/INFO]: Created: 256x256 textures/items-atlas
[22:59:00] [Sound Library Loader/INFO]: Sound engine started
[22:59:36] [Client thread/INFO]: Stopping!
[23:00:06] [main/INFO]: Setting user: Player951
[23:00:11] [Client thread/INFO]: LWJGL Version: 2.9.1
[23:00:21] [Client thread/INFO]: Reloading ResourceManager: Default, FMLFileResourcePack:Forge Mod Loader, FMLFileResourcePack:Minecraft Forge, FMLFileResourcePack:Not Enough Items, FMLFileResourcePack:DarkCraft Mod, FMLFileResourcePack:CoFH Core, FMLFileResourcePack:Thermal Dynamics, FMLFileResourcePack:Thermal Expansion, FMLFileResourcePack:Thermal Foundation, FMLFileResourcePack:Waila, FMLFileResourcePack:Waila Harvestability
[23:00:22] [Sound Library Loader/INFO]: Sound engine started
[23:00:27] [Client thread/INFO]: Created: 512x256 textures/blocks-atlas
[23:00:27] [Client thread/INFO]: Created: 256x256 textures/items-atlas
[23:05:17] [Client thread/INFO]: Stopping!
