[17:06:11] [main/INFO]: Setting user: Player107
[17:06:23] [Client thread/INFO]: LWJGL Version: 2.9.1
[17:06:51] [Client thread/INFO]: Reloading ResourceManager: Default, FMLFileResourcePack:Forge Mod Loader, FMLFileResourcePack:Minecraft Forge, FMLFileResourcePack:Not Enough Items, FMLFileResourcePack:DarkCraft Mod, FMLFileResourcePack:CoFH Core, FMLFileResourcePack:Thermal Dynamics, FMLFileResourcePack:Thermal Expansion, FMLFileResourcePack:Thermal Foundation, FMLFileResourcePack:Waila, FMLFileResourcePack:Waila Harvestability
[17:07:05] [Sound Library Loader/INFO]: Sound engine started
[17:07:15] [Client thread/INFO]: Created: 512x512 textures/blocks-atlas
[17:07:15] [Client thread/INFO]: Created: 512x256 textures/items-atlas
[17:07:23] [Client thread/INFO]: Reloading ResourceManager: Default, FMLFileResourcePack:Forge Mod Loader, FMLFileResourcePack:Minecraft Forge, FMLFileResourcePack:Not Enough Items, FMLFileResourcePack:DarkCraft Mod, FMLFileResourcePack:CoFH Core, FMLFileResourcePack:Thermal Dynamics, FMLFileResourcePack:Thermal Expansion, FMLFileResourcePack:Thermal Foundation, FMLFileResourcePack:Waila, FMLFileResourcePack:Waila Harvestability
[17:07:25] [Client thread/INFO]: Created: 512x512 textures/blocks-atlas
[17:07:25] [Client thread/INFO]: Created: 512x512 textures/items-atlas
[17:07:26] [Sound Library Loader/INFO]: Sound engine started
[17:07:47] [Server thread/INFO]: Starting integrated minecraft server version 1.7.10
[17:07:47] [Server thread/INFO]: Generating keypair
[17:07:48] [Server thread/INFO]: Preparing start region for level 0
[17:07:49] [Server thread/INFO]: Preparing spawn area: 7%
[17:07:50] [Server thread/INFO]: Preparing spawn area: 95%
[17:07:53] [Server thread/INFO]: Changing view distance to 12, from 10
[17:07:53] [Server thread/WARN]: Can't keep up! Did the system time change, or is the server overloaded? Running 2848ms behind, skipping 56 tick(s)
[17:07:55] [Server thread/INFO]: Player107[local:E:e02da21f] logged in with entity id 453 at (95.18340988218047, 64.0, 250.5426537310484)
[17:07:55] [Server thread/INFO]: Player107 joined the game
[17:08:06] [Client thread/INFO]: [CHAT] Version 1.0.4.29 of CodeChickenCore is available
[17:08:06] [Client thread/INFO]: [CHAT] Version 1.0.3.74 of NotEnoughItems is available
[17:08:14] [Server thread/WARN]: Can't keep up! Did the system time change, or is the server overloaded? Running 6190ms behind, skipping 123 tick(s)
[17:08:28] [Server thread/INFO]: Stopping server
[17:08:28] [Server thread/INFO]: Saving players
[17:08:28] [Server thread/INFO]: Saving worlds
[17:08:28] [Server thread/INFO]: Saving chunks for level 'New World'/Overworld
[17:08:29] [Server thread/INFO]: Saving chunks for level 'New World'/Nether
[17:08:29] [Server thread/INFO]: Saving chunks for level 'New World'/The End
[17:08:31] [Client thread/FATAL]: Reported exception thrown!
net.minecraft.util.ReportedException: Updating screen events
	at net.minecraft.client.Minecraft.runTick(Minecraft.java:1734) ~[Minecraft.class:?]
	at net.minecraft.client.Minecraft.runGameLoop(Minecraft.java:1028) ~[Minecraft.class:?]
	at net.minecraft.client.Minecraft.run(Minecraft.java:951) [Minecraft.class:?]
	at net.minecraft.client.main.Main.main(Main.java:164) [Main.class:?]
	at sun.reflect.NativeMethodAccessorImpl.invoke0(Native Method) ~[?:1.8.0_40]
	at sun.reflect.NativeMethodAccessorImpl.invoke(NativeMethodAccessorImpl.java:62) ~[?:1.8.0_40]
	at sun.reflect.DelegatingMethodAccessorImpl.invoke(DelegatingMethodAccessorImpl.java:43) ~[?:1.8.0_40]
	at java.lang.reflect.Method.invoke(Method.java:497) ~[?:1.8.0_40]
	at net.minecraft.launchwrapper.Launch.launch(Launch.java:135) [launchwrapper-1.11.jar:?]
	at net.minecraft.launchwrapper.Launch.main(Launch.java:28) [launchwrapper-1.11.jar:?]
	at net.minecraftforge.gradle.GradleStartCommon.launch(Unknown Source) [start/:?]
	at GradleStart.main(Unknown Source) [start/:?]
	at sun.reflect.NativeMethodAccessorImpl.invoke0(Native Method) ~[?:1.8.0_40]
	at sun.reflect.NativeMethodAccessorImpl.invoke(NativeMethodAccessorImpl.java:62) ~[?:1.8.0_40]
	at sun.reflect.DelegatingMethodAccessorImpl.invoke(DelegatingMethodAccessorImpl.java:43) ~[?:1.8.0_40]
	at java.lang.reflect.Method.invoke(Method.java:497) ~[?:1.8.0_40]
	at com.intellij.rt.execution.application.AppMain.main(AppMain.java:140) [idea_rt.jar:?]
Caused by: java.lang.IndexOutOfBoundsException: Index: 38, Size: 38
	at java.util.ArrayList.rangeCheck(ArrayList.java:653) ~[?:1.8.0_40]
	at java.util.ArrayList.get(ArrayList.java:429) ~[?:1.8.0_40]
	at net.minecraft.inventory.Container.mergeItemStack(Container.java:620) ~[Container.class:?]
	at com.turnedslayer.darkcraft.help.Gui.basicFurnace.ContainerBasicFurnace.transferStackInSlot(ContainerBasicFurnace.java:86) ~[ContainerBasicFurnace.class:?]
	at net.minecraft.inventory.Container.slotClick(Container.java:279) ~[Container.class:?]
	at net.minecraft.client.multiplayer.PlayerControllerMP.windowClick(PlayerControllerMP.java:478) ~[PlayerControllerMP.class:?]
	at codechicken.nei.guihook.GuiContainerManager.handleSlotClick(GuiContainerManager.java:537) ~[GuiContainerManager.class:?]
	at net.minecraft.client.gui.inventory.GuiContainer.handleMouseClick(GuiContainer.java:673) ~[GuiContainer.class:?]
	at net.minecraft.client.gui.inventory.GuiContainer.public_func_146984_a(GuiContainer.java) ~[GuiContainer.class:?]
	at codechicken.nei.guihook.DefaultSlotClickHandler.callHandleMouseClick(DefaultSlotClickHandler.java) ~[DefaultSlotClickHandler.class:?]
	at codechicken.nei.guihook.DefaultSlotClickHandler.handleSlotClick(DefaultSlotClickHandler.java:17) ~[DefaultSlotClickHandler.class:?]
	at codechicken.nei.guihook.GuiContainerManager.handleMouseClick(GuiContainerManager.java:465) ~[GuiContainerManager.class:?]
	at net.minecraft.client.gui.inventory.GuiContainer.managerHandleMouseClick(GuiContainer.java) ~[GuiContainer.class:?]
	at net.minecraft.client.gui.inventory.GuiContainer.mouseClicked(GuiContainer.java:418) ~[GuiContainer.class:?]
	at net.minecraft.client.gui.GuiScreen.handleMouseInput(GuiScreen.java:344) ~[GuiScreen.class:?]
	at net.minecraft.client.gui.inventory.GuiContainer.handleMouseInput(GuiContainer.java) ~[GuiContainer.class:?]
	at net.minecraft.client.gui.GuiScreen.handleInput(GuiScreen.java:313) ~[GuiScreen.class:?]
	at net.minecraft.client.Minecraft.runTick(Minecraft.java:1720) ~[Minecraft.class:?]
	... 16 more
